
=== Sun Apr 14 08:42:34 2019

Packages were changed.
Update Mode: updateDependencies

The following packages were added:
  com.unity.collab-proxy@1.2.15
The following packages were updated:
  com.unity.analytics from version 2.0.16 to 3.2.2
  com.unity.package-manager-ui from version 1.9.11 to 2.0.3
  com.unity.render-pipelines.lightweight from version 3.0.0-preview to 4.1.0-preview
  com.unity.textmeshpro from version 1.2.4 to 1.3.0

=== Mon Apr 15 09:06:15 2019

Packages were changed.
Update Mode: updateDependencies

The following packages were added:
  com.unity.timeline@1.0.0
  com.unity.multiplayer-hlapi@1.0.2
  com.unity.xr.legacyinputhelpers@2.0.2
The following packages were updated:
  com.unity.analytics from version 3.2.2 to 3.3.2
  com.unity.package-manager-ui from version 2.0.3 to 2.1.2
  com.unity.render-pipelines.lightweight from version 4.1.0-preview to 5.7.2
  com.unity.textmeshpro from version 1.3.0 to 2.0.0

=== Mon Apr 15 09:28:10 2019

Packages were changed.
Update Mode: resetToDefaultDependencies

The following packages were updated:
  com.unity.analytics from version 3.3.2 to 3.2.2
  com.unity.textmeshpro from version 2.0.0 to 1.3.0
  com.unity.package-manager-ui from version 2.1.2 to 2.0.3
The following packages were removed:
  com.unity.multiplayer-hlapi@1.0.2
  com.unity.render-pipelines.lightweight@5.7.2
  com.unity.timeline@1.0.0
  com.unity.xr.legacyinputhelpers@2.0.2

=== Mon Apr 15 15:24:08 2019

Packages were changed.
Update Mode: updateDependencies

The following packages were updated:
  com.unity.package-manager-ui from version 2.0.3 to 2.0.7
